<?xml version="1.0" encoding="utf-8"?><testsuites name="pytest tests"><testsuite name="pytest" errors="0" failures="1" skipped="0" tests="10" time="2.897" timestamp="2026-02-10T13:19:44.082560+00:00" hostname="agent-env-bf45ae5d-50ed-41ad-a351-d08885dffe5f"><testcase classname="backend.tests.test_updated_max_prices.TestUpdatedMaxPrices" name="test_upload_returns_200" time="2.663" /><testcase classname="backend.tests.test_updated_max_prices.TestUpdatedMaxPrices" name="test_samsung_galaxy_s24_max_rate" time="0.008" /><testcase classname="backend.tests.test_updated_max_prices.TestUpdatedMaxPrices" name="test_macbook_air_m3_max_rate" time="0.000" /><testcase classname="backend.tests.test_updated_max_prices.TestUpdatedMaxPrices" name="test_sony_wh1000xm5_max_rate" time="0.000" /><testcase classname="backend.tests.test_updated_max_prices.TestUpdatedMaxPrices" name="test_samsung_rate_diff_max_with_new_value" time="0.000" /><testcase classname="backend.tests.test_updated_max_prices.TestUpdatedMaxPrices" name="test_macbook_rate_diff_max_with_new_value" time="0.000" /><testcase classname="backend.tests.test_updated_max_prices.TestUpdatedMaxPrices" name="test_sony_rate_diff_max_with_new_value" time="0.000" /><testcase classname="backend.tests.test_updated_max_prices.TestUpdatedMaxPrices" name="test_amount_diff_max_calculations" time="0.000" /><testcase classname="backend.tests.test_updated_max_prices.TestUpdatedMaxPrices" name="test_gst_on_market_maximum_updated" time="0.000"><failure message="AssertionError: MARKET MAXIMUM section not found in GST summary&#10;assert None is not None">backend/tests/test_updated_max_prices.py:306: in test_gst_on_market_maximum_updated
    assert market_max_row is not None, "MARKET MAXIMUM section not found in GST summary"
E   AssertionError: MARKET MAXIMUM section not found in GST summary
E   assert None is not None</failure></testcase><testcase classname="backend.tests.test_updated_max_prices.TestUpdatedMaxPrices" name="test_all_max_rates_summary" time="0.000" /></testsuite></testsuites>