<?xml version="1.0" encoding="utf-8"?><testsuites name="pytest tests"><testsuite name="pytest" errors="0" failures="0" skipped="0" tests="14" time="29.123" timestamp="2026-02-10T05:49:51.735014+00:00" hostname="agent-env-e0979b6c-af97-40a5-b73c-11265aad450d"><testcase classname="backend.tests.test_bulk_upload.TestBulkSearchTemplate" name="test_template_download_returns_200" time="0.090" /><testcase classname="backend.tests.test_bulk_upload.TestBulkSearchTemplate" name="test_template_is_valid_excel" time="0.043" /><testcase classname="backend.tests.test_bulk_upload.TestBulkSearchTemplate" name="test_template_has_correct_headers" time="0.052" /><testcase classname="backend.tests.test_bulk_upload.TestBulkSearchTemplate" name="test_template_has_sample_data" time="0.050" /><testcase classname="backend.tests.test_bulk_upload.TestBulkSearchTemplate" name="test_template_content_disposition_header" time="0.045" /><testcase classname="backend.tests.test_bulk_upload.TestBulkSearchUpload" name="test_upload_returns_200_with_valid_excel" time="0.678" /><testcase classname="backend.tests.test_bulk_upload.TestBulkSearchUpload" name="test_upload_returns_excel_file" time="0.638" /><testcase classname="backend.tests.test_bulk_upload.TestBulkSearchUpload" name="test_upload_result_has_correct_columns" time="1.881" /><testcase classname="backend.tests.test_bulk_upload.TestBulkSearchUpload" name="test_upload_result_has_price_data" time="0.631" /><testcase classname="backend.tests.test_bulk_upload.TestBulkSearchUpload" name="test_upload_result_has_vendor_info" time="13.516" /><testcase classname="backend.tests.test_bulk_upload.TestBulkSearchUpload" name="test_upload_rejects_non_excel_file" time="0.061" /><testcase classname="backend.tests.test_bulk_upload.TestBulkSearchUpload" name="test_upload_rejects_empty_excel" time="0.043" /><testcase classname="backend.tests.test_bulk_upload.TestBulkSearchUpload" name="test_upload_multiple_products" time="4.908" /><testcase classname="backend.tests.test_bulk_upload.TestBulkSearchUpload" name="test_upload_content_disposition_header" time="6.256" /></testsuite></testsuites>