<?xml version="1.0" encoding="utf-8"?><testsuites name="pytest tests"><testsuite name="pytest" errors="0" failures="0" skipped="0" tests="10" time="2.804" timestamp="2026-02-10T13:20:27.808438+00:00" hostname="agent-env-bf45ae5d-50ed-41ad-a351-d08885dffe5f"><testcase classname="backend.tests.test_updated_max_prices.TestUpdatedMaxPrices" name="test_upload_returns_200" time="2.537" /><testcase classname="backend.tests.test_updated_max_prices.TestUpdatedMaxPrices" name="test_samsung_galaxy_s24_max_rate" time="0.008" /><testcase classname="backend.tests.test_updated_max_prices.TestUpdatedMaxPrices" name="test_macbook_air_m3_max_rate" time="0.000" /><testcase classname="backend.tests.test_updated_max_prices.TestUpdatedMaxPrices" name="test_sony_wh1000xm5_max_rate" time="0.000" /><testcase classname="backend.tests.test_updated_max_prices.TestUpdatedMaxPrices" name="test_samsung_rate_diff_max_with_new_value" time="0.000" /><testcase classname="backend.tests.test_updated_max_prices.TestUpdatedMaxPrices" name="test_macbook_rate_diff_max_with_new_value" time="0.000" /><testcase classname="backend.tests.test_updated_max_prices.TestUpdatedMaxPrices" name="test_sony_rate_diff_max_with_new_value" time="0.000" /><testcase classname="backend.tests.test_updated_max_prices.TestUpdatedMaxPrices" name="test_amount_diff_max_calculations" time="0.000" /><testcase classname="backend.tests.test_updated_max_prices.TestUpdatedMaxPrices" name="test_gst_on_market_maximum_updated" time="0.000" /><testcase classname="backend.tests.test_updated_max_prices.TestUpdatedMaxPrices" name="test_all_max_rates_summary" time="0.000" /></testsuite></testsuites>