<?xml version="1.0" encoding="utf-8"?><testsuites name="pytest tests"><testsuite name="pytest" errors="0" failures="0" skipped="0" tests="17" time="13.675" timestamp="2026-02-10T12:36:11.048370+00:00" hostname="agent-env-bf45ae5d-50ed-41ad-a351-d08885dffe5f"><testcase classname="backend.tests.test_bulk_upload_minmedmax.TestBulkSearchTemplate" name="test_template_endpoint_returns_200" time="0.119" /><testcase classname="backend.tests.test_bulk_upload_minmedmax.TestBulkSearchTemplate" name="test_template_is_valid_excel" time="0.042" /><testcase classname="backend.tests.test_bulk_upload_minmedmax.TestBulkUploadColumns" name="test_upload_returns_200_with_valid_excel" time="0.894" /><testcase classname="backend.tests.test_bulk_upload_minmedmax.TestBulkUploadColumns" name="test_output_has_15_columns" time="0.810" /><testcase classname="backend.tests.test_bulk_upload_minmedmax.TestBulkUploadColumns" name="test_column_names_match_expected" time="0.823" /><testcase classname="backend.tests.test_bulk_upload_minmedmax.TestMarketPriceCalculations" name="test_min_amount_equals_min_rate_times_qty" time="0.857" /><testcase classname="backend.tests.test_bulk_upload_minmedmax.TestMarketPriceCalculations" name="test_med_amount_equals_med_rate_times_qty" time="0.827" /><testcase classname="backend.tests.test_bulk_upload_minmedmax.TestMarketPriceCalculations" name="test_max_amount_equals_max_rate_times_qty" time="0.834" /><testcase classname="backend.tests.test_bulk_upload_minmedmax.TestRealisticPrices" name="test_samsung_galaxy_s24_price_realistic" time="0.935" /><testcase classname="backend.tests.test_bulk_upload_minmedmax.TestRealisticPrices" name="test_macbook_air_m3_price_realistic" time="0.804" /><testcase classname="backend.tests.test_bulk_upload_minmedmax.TestRealisticPrices" name="test_sony_wh1000xm5_price_realistic" time="0.807" /><testcase classname="backend.tests.test_bulk_upload_minmedmax.TestConsolidatedGSTSummary" name="test_gst_summary_exists" time="1.571" /><testcase classname="backend.tests.test_bulk_upload_minmedmax.TestConsolidatedGSTSummary" name="test_four_gst_sections_present" time="0.800" /><testcase classname="backend.tests.test_bulk_upload_minmedmax.TestConsolidatedGSTSummary" name="test_gst_line_items_present" time="0.825" /><testcase classname="backend.tests.test_bulk_upload_minmedmax.TestGSTCalculations" name="test_cgst_sgst_9_percent_calculation" time="0.880" /><testcase classname="backend.tests.test_bulk_upload_minmedmax.TestGSTCalculations" name="test_grand_total_equals_taxable_plus_gst" time="0.806" /><testcase classname="backend.tests.test_bulk_upload_minmedmax.TestComparisonLine" name="test_comparison_line_exists" time="0.820" /></testsuite></testsuites>