<?xml version="1.0" encoding="utf-8"?><testsuites name="pytest tests"><testsuite name="pytest" errors="0" failures="1" skipped="0" tests="10" time="2.040" timestamp="2026-01-23T11:04:11.825557+00:00" hostname="agent-env-9ab9ee86-d5bb-451b-bf3d-c287d55b80cd"><testcase classname="backend.tests.test_advanced_filters.TestAdvancedFiltersBackend" name="test_laptop_returns_available_filters" time="0.214" /><testcase classname="backend.tests.test_advanced_filters.TestAdvancedFiltersBackend" name="test_phone_returns_dynamic_specifications" time="0.193" /><testcase classname="backend.tests.test_advanced_filters.TestAdvancedFiltersBackend" name="test_shoes_returns_dynamic_specifications" time="0.177" /><testcase classname="backend.tests.test_advanced_filters.TestAdvancedFiltersBackend" name="test_shirt_returns_dynamic_specifications" time="0.183" /><testcase classname="backend.tests.test_advanced_filters.TestProductAttributesInResults" name="test_laptop_results_have_advanced_attributes" time="0.187" /><testcase classname="backend.tests.test_advanced_filters.TestProductAttributesInResults" name="test_results_have_filterable_values" time="0.188" /><testcase classname="backend.tests.test_advanced_filters.TestDifferentProductTypesFilters" name="test_tv_returns_tv_specific_filters" time="0.179" /><testcase classname="backend.tests.test_advanced_filters.TestDifferentProductTypesFilters" name="test_headphone_returns_headphone_specific_filters" time="0.186"><failure message="AssertionError: Headphones should have headphone-specific specifications&#10;assert ('Driver' in {'Camera': ['12MP', '48MP', '50MP', '108MP', '200MP'], 'Display': ['6.1 inch', '6.5 inch', '6.7 inch', '6.8 inch'], 'RAM': ['6GB', '8GB', '12GB', '16GB']} or 'Battery' in {'Camera': ['12MP', '48MP', '50MP', '108MP', '200MP'], 'Display': ['6.1 inch', '6.5 inch', '6.7 inch', '6.8 inch'], 'RAM': ['6GB', '8GB', '12GB', '16GB']} or 'Connectivity' in {'Camera': ['12MP', '48MP', '50MP', '108MP', '200MP'], 'Display': ['6.1 inch', '6.5 inch', '6.7 inch', '6.8 inch'], 'RAM': ['6GB', '8GB', '12GB', '16GB']})">backend/tests/test_advanced_filters.py:201: in test_headphone_returns_headphone_specific_filters
    assert "Driver" in specs or "Battery" in specs or "Connectivity" in specs, \
E   AssertionError: Headphones should have headphone-specific specifications
E   assert ('Driver' in {'Camera': ['12MP', '48MP', '50MP', '108MP', '200MP'], 'Display': ['6.1 inch', '6.5 inch', '6.7 inch', '6.8 inch'], 'RAM': ['6GB', '8GB', '12GB', '16GB']} or 'Battery' in {'Camera': ['12MP', '48MP', '50MP', '108MP', '200MP'], 'Display': ['6.1 inch', '6.5 inch', '6.7 inch', '6.8 inch'], 'RAM': ['6GB', '8GB', '12GB', '16GB']} or 'Connectivity' in {'Camera': ['12MP', '48MP', '50MP', '108MP', '200MP'], 'Display': ['6.1 inch', '6.5 inch', '6.7 inch', '6.8 inch'], 'RAM': ['6GB', '8GB', '12GB', '16GB']})</failure></testcase><testcase classname="backend.tests.test_advanced_filters.TestFilterDataConsistency" name="test_available_filters_structure" time="0.194" /><testcase classname="backend.tests.test_advanced_filters.TestFilterDataConsistency" name="test_filters_have_non_empty_values" time="0.196" /></testsuite></testsuites>