<?xml version="1.0" encoding="utf-8"?><testsuites name="pytest tests"><testsuite name="pytest" errors="0" failures="0" skipped="0" tests="18" time="14.832" timestamp="2026-02-10T12:17:04.018539+00:00" hostname="agent-env-bf45ae5d-50ed-41ad-a351-d08885dffe5f"><testcase classname="backend.tests.test_bulk_upload_v2.TestBulkUploadStructure" name="test_upload_returns_200" time="0.969" /><testcase classname="backend.tests.test_bulk_upload_v2.TestBulkUploadStructure" name="test_no_per_item_gst_columns" time="0.806" /><testcase classname="backend.tests.test_bulk_upload_v2.TestBulkUploadStructure" name="test_output_has_correct_11_columns" time="0.874" /><testcase classname="backend.tests.test_bulk_upload_v2.TestBulkUploadStructure" name="test_market_minimum_rate_used" time="0.842" /><testcase classname="backend.tests.test_bulk_upload_v2.TestConsolidatedGSTSummary" name="test_consolidated_summary_exists" time="0.942" /><testcase classname="backend.tests.test_bulk_upload_v2.TestConsolidatedGSTSummary" name="test_your_pricing_section_exists" time="0.841" /><testcase classname="backend.tests.test_bulk_upload_v2.TestConsolidatedGSTSummary" name="test_market_minimum_pricing_section_exists" time="0.968" /><testcase classname="backend.tests.test_bulk_upload_v2.TestConsolidatedGSTSummary" name="test_summary_has_taxable_amount" time="0.846" /><testcase classname="backend.tests.test_bulk_upload_v2.TestConsolidatedGSTSummary" name="test_summary_has_cgst_9_percent" time="0.794" /><testcase classname="backend.tests.test_bulk_upload_v2.TestConsolidatedGSTSummary" name="test_summary_has_sgst_9_percent" time="0.799" /><testcase classname="backend.tests.test_bulk_upload_v2.TestConsolidatedGSTSummary" name="test_summary_has_grand_total" time="0.839" /><testcase classname="backend.tests.test_bulk_upload_v2.TestConsolidatedGSTSummary" name="test_summary_has_difference_line" time="0.822" /><testcase classname="backend.tests.test_bulk_upload_v2.TestGSTCalculationsOnTotals" name="test_gst_calculated_on_total_amount" time="1.744" /><testcase classname="backend.tests.test_bulk_upload_v2.TestEstimatedPrices" name="test_samsung_galaxy_s24_price_realistic" time="0.802" /><testcase classname="backend.tests.test_bulk_upload_v2.TestEstimatedPrices" name="test_macbook_air_m3_price_realistic" time="0.786" /><testcase classname="backend.tests.test_bulk_upload_v2.TestEstimatedPrices" name="test_sony_wh1000xm5_price_realistic" time="0.821" /><testcase classname="backend.tests.test_bulk_upload_v2.TestTemplateEndpoint" name="test_template_returns_200" time="0.042" /><testcase classname="backend.tests.test_bulk_upload_v2.TestTemplateEndpoint" name="test_template_is_valid_excel" time="0.045" /></testsuite></testsuites>