<?xml version="1.0" encoding="utf-8"?><testsuites name="pytest tests"><testsuite name="pytest" errors="0" failures="0" skipped="0" tests="10" time="2.422" timestamp="2026-01-23T11:04:36.488495+00:00" hostname="agent-env-9ab9ee86-d5bb-451b-bf3d-c287d55b80cd"><testcase classname="backend.tests.test_advanced_filters.TestAdvancedFiltersBackend" name="test_laptop_returns_available_filters" time="0.371" /><testcase classname="backend.tests.test_advanced_filters.TestAdvancedFiltersBackend" name="test_phone_returns_dynamic_specifications" time="0.209" /><testcase classname="backend.tests.test_advanced_filters.TestAdvancedFiltersBackend" name="test_shoes_returns_dynamic_specifications" time="0.197" /><testcase classname="backend.tests.test_advanced_filters.TestAdvancedFiltersBackend" name="test_shirt_returns_dynamic_specifications" time="0.242" /><testcase classname="backend.tests.test_advanced_filters.TestProductAttributesInResults" name="test_laptop_results_have_advanced_attributes" time="0.221" /><testcase classname="backend.tests.test_advanced_filters.TestProductAttributesInResults" name="test_results_have_filterable_values" time="0.214" /><testcase classname="backend.tests.test_advanced_filters.TestDifferentProductTypesFilters" name="test_tv_returns_tv_specific_filters" time="0.184" /><testcase classname="backend.tests.test_advanced_filters.TestDifferentProductTypesFilters" name="test_headphone_returns_headphone_specific_filters" time="0.235" /><testcase classname="backend.tests.test_advanced_filters.TestFilterDataConsistency" name="test_available_filters_structure" time="0.236" /><testcase classname="backend.tests.test_advanced_filters.TestFilterDataConsistency" name="test_filters_have_non_empty_values" time="0.241" /></testsuite></testsuites>