<?xml version="1.0" encoding="utf-8"?><testsuites name="pytest tests"><testsuite name="pytest" errors="0" failures="0" skipped="0" tests="11" time="155.497" timestamp="2026-01-26T16:00:44.910697+00:00" hostname="agent-env-e0979b6c-af97-40a5-b73c-11265aad450d"><testcase classname="backend.tests.test_local_store_relevance.TestFanSearchRelevance" name="test_fan_in_bangalore_returns_electronics_stores" time="4.811" /><testcase classname="backend.tests.test_local_store_relevance.TestFanSearchRelevance" name="test_crompton_fan_in_bangalore_returns_electronics" time="38.007" /><testcase classname="backend.tests.test_local_store_relevance.TestCeilingLightsSearchRelevance" name="test_ceiling_lights_in_bangalore_returns_lighting_stores" time="19.316" /><testcase classname="backend.tests.test_local_store_relevance.TestSlidingWindowsSearchRelevance" name="test_sliding_windows_in_bangalore_returns_hardware_stores" time="32.932" /><testcase classname="backend.tests.test_local_store_relevance.TestMirrorSearchRelevance" name="test_mirror_in_bangalore_returns_relevant_stores" time="11.685" /><testcase classname="backend.tests.test_local_store_relevance.TestKeywordToShopMapping" name="test_fan_keyword_maps_to_electronics" time="4.399" /><testcase classname="backend.tests.test_local_store_relevance.TestKeywordToShopMapping" name="test_light_keyword_maps_to_lighting" time="18.832" /><testcase classname="backend.tests.test_local_store_relevance.TestKeywordToShopMapping" name="test_window_keyword_maps_to_hardware" time="6.107" /><testcase classname="backend.tests.test_local_store_relevance.TestOverpassQueryFix" name="test_no_random_shops_returned" time="3.743" /><testcase classname="backend.tests.test_local_store_relevance.TestSearchEndpointBasics" name="test_search_endpoint_returns_200" time="11.662" /><testcase classname="backend.tests.test_local_store_relevance.TestSearchEndpointBasics" name="test_search_with_city_returns_local_stores" time="3.940" /></testsuite></testsuites>