<?xml version="1.0" encoding="utf-8"?><testsuites name="pytest tests"><testsuite name="pytest" errors="0" failures="0" skipped="0" tests="15" time="2.825" timestamp="2026-02-10T13:05:37.525409+00:00" hostname="agent-env-bf45ae5d-50ed-41ad-a351-d08885dffe5f"><testcase classname="backend.tests.test_bulk_upload_all_diffs.TestBulkUploadAllDiffs" name="test_upload_returns_200" time="2.574" /><testcase classname="backend.tests.test_bulk_upload_all_diffs.TestBulkUploadAllDiffs" name="test_output_has_19_columns" time="0.008" /><testcase classname="backend.tests.test_bulk_upload_all_diffs.TestBulkUploadAllDiffs" name="test_column_names_correct" time="0.000" /><testcase classname="backend.tests.test_bulk_upload_all_diffs.TestBulkUploadAllDiffs" name="test_rate_diff_min_calculation" time="0.000" /><testcase classname="backend.tests.test_bulk_upload_all_diffs.TestBulkUploadAllDiffs" name="test_amount_diff_min_calculation" time="0.000" /><testcase classname="backend.tests.test_bulk_upload_all_diffs.TestBulkUploadAllDiffs" name="test_rate_diff_med_calculation" time="0.000" /><testcase classname="backend.tests.test_bulk_upload_all_diffs.TestBulkUploadAllDiffs" name="test_amount_diff_med_calculation" time="0.000" /><testcase classname="backend.tests.test_bulk_upload_all_diffs.TestBulkUploadAllDiffs" name="test_rate_diff_max_calculation" time="0.000" /><testcase classname="backend.tests.test_bulk_upload_all_diffs.TestBulkUploadAllDiffs" name="test_amount_diff_max_calculation" time="0.000" /><testcase classname="backend.tests.test_bulk_upload_all_diffs.TestBulkUploadAllDiffs" name="test_positive_diff_highlighted_red" time="0.000" /><testcase classname="backend.tests.test_bulk_upload_all_diffs.TestBulkUploadAllDiffs" name="test_negative_diff_highlighted_green" time="0.000" /><testcase classname="backend.tests.test_bulk_upload_all_diffs.TestBulkUploadAllDiffs" name="test_gst_summary_has_four_sections" time="0.001" /><testcase classname="backend.tests.test_bulk_upload_all_diffs.TestBulkUploadAllDiffs" name="test_gst_summary_header_exists" time="0.000" /><testcase classname="backend.tests.test_bulk_upload_all_diffs.TestBulkUploadAllDiffs" name="test_gst_line_items_present" time="0.000" /><testcase classname="backend.tests.test_bulk_upload_all_diffs.TestBulkUploadAllDiffs" name="test_all_diff_calculations_for_all_rows" time="0.000" /></testsuite></testsuites>