<?xml version="1.0" encoding="utf-8"?><testsuites name="pytest tests"><testsuite name="pytest" errors="0" failures="1" skipped="0" tests="14" time="134.247" timestamp="2026-01-26T16:04:21.121542+00:00" hostname="agent-env-e0979b6c-af97-40a5-b73c-11265aad450d"><testcase classname="backend.tests.test_local_store_search.TestKeywordExtractionExcludesCity" name="test_mirror_in_bangalore_excludes_bangalore_from_keywords" time="9.199" /><testcase classname="backend.tests.test_local_store_search.TestKeywordExtractionExcludesCity" name="test_tap_in_hyderabad_excludes_hyderabad_from_keywords" time="3.713" /><testcase classname="backend.tests.test_local_store_search.TestKeywordExtractionExcludesCity" name="test_tiles_in_london_excludes_london_from_keywords" time="12.047" /><testcase classname="backend.tests.test_local_store_search.TestKeywordExtractionExcludesCity" name="test_laptop_in_new_york_excludes_new_york_from_keywords" time="31.141"><failure message="AssertionError: local_stores should be present in response&#10;assert None is not None">backend/tests/test_local_store_search.py:148: in test_laptop_in_new_york_excludes_new_york_from_keywords
    assert local_stores is not None, "local_stores should be present in response"
E   AssertionError: local_stores should be present in response
E   assert None is not None</failure></testcase><testcase classname="backend.tests.test_local_store_search.TestWordBoundaryMatching" name="test_tiles_does_not_match_textiles" time="4.165" /><testcase classname="backend.tests.test_local_store_search.TestWordBoundaryMatching" name="test_word_boundary_regex_pattern" time="0.000" /><testcase classname="backend.tests.test_local_store_search.TestLocalStoreSearchResponse" name="test_local_stores_response_structure" time="14.055" /><testcase classname="backend.tests.test_local_store_search.TestLocalStoreSearchResponse" name="test_relevant_stores_appear_first" time="4.642" /><testcase classname="backend.tests.test_local_store_search.TestLocalStoreSearchResponse" name="test_local_stores_city_field" time="4.575" /><testcase classname="backend.tests.test_local_store_search.TestMultiWordCityNames" name="test_san_francisco_city_excluded" time="20.171" /><testcase classname="backend.tests.test_local_store_search.TestMultiWordCityNames" name="test_abu_dhabi_city_excluded" time="1.360" /><testcase classname="backend.tests.test_local_store_search.TestSearchEndpointBasics" name="test_search_endpoint_returns_200" time="14.283" /><testcase classname="backend.tests.test_local_store_search.TestSearchEndpointBasics" name="test_search_with_city_returns_local_stores" time="4.389" /><testcase classname="backend.tests.test_local_store_search.TestSearchEndpointBasics" name="test_search_without_city_may_skip_local_stores" time="10.434" /></testsuite></testsuites>