<?xml version="1.0" encoding="utf-8"?><testsuites name="pytest tests"><testsuite name="pytest" errors="0" failures="0" skipped="0" tests="13" time="12.252" timestamp="2026-02-10T11:52:03.291527+00:00" hostname="agent-env-bf45ae5d-50ed-41ad-a351-d08885dffe5f"><testcase classname="backend.tests.test_gst_calculations.TestGSTCalculations" name="test_output_has_17_columns" time="1.004" /><testcase classname="backend.tests.test_gst_calculations.TestGSTCalculations" name="test_user_cgst_calculation" time="0.804" /><testcase classname="backend.tests.test_gst_calculations.TestGSTCalculations" name="test_user_sgst_calculation" time="0.862" /><testcase classname="backend.tests.test_gst_calculations.TestGSTCalculations" name="test_user_grand_total_calculation" time="0.890" /><testcase classname="backend.tests.test_gst_calculations.TestGSTCalculations" name="test_market_gst_columns_present" time="0.853" /><testcase classname="backend.tests.test_gst_calculations.TestGSTCalculations" name="test_market_gst_calculation_correctness" time="0.789" /><testcase classname="backend.tests.test_gst_calculations.TestGSTCalculations" name="test_grand_total_diff_calculation" time="0.866" /><testcase classname="backend.tests.test_gst_calculations.TestGSTCalculations" name="test_legend_has_gst_explanation" time="0.832" /><testcase classname="backend.tests.test_gst_calculations.TestGSTCalculations" name="test_template_endpoint_works" time="0.085" /><testcase classname="backend.tests.test_gst_calculations.TestGSTCalculations" name="test_multiple_products_gst_calculations" time="2.352" /><testcase classname="backend.tests.test_gst_calculations.TestGSTEdgeCases" name="test_zero_rate_gst_calculation" time="0.837" /><testcase classname="backend.tests.test_gst_calculations.TestGSTEdgeCases" name="test_large_amount_gst_calculation" time="0.931" /><testcase classname="backend.tests.test_gst_calculations.TestGSTEdgeCases" name="test_decimal_amount_gst_calculation" time="0.877" /></testsuite></testsuites>