<?xml version="1.0" encoding="utf-8"?><testsuites name="pytest tests"><testsuite name="pytest" errors="0" failures="0" skipped="0" tests="14" time="122.406" timestamp="2026-01-26T15:33:21.962859+00:00" hostname="agent-env-e0979b6c-af97-40a5-b73c-11265aad450d"><testcase classname="backend.tests.test_local_store_search.TestKeywordExtractionExcludesCity" name="test_mirror_in_bangalore_excludes_bangalore_from_keywords" time="4.323" /><testcase classname="backend.tests.test_local_store_search.TestKeywordExtractionExcludesCity" name="test_tap_in_hyderabad_excludes_hyderabad_from_keywords" time="2.770" /><testcase classname="backend.tests.test_local_store_search.TestKeywordExtractionExcludesCity" name="test_tiles_in_london_excludes_london_from_keywords" time="9.131" /><testcase classname="backend.tests.test_local_store_search.TestKeywordExtractionExcludesCity" name="test_laptop_in_new_york_excludes_new_york_from_keywords" time="25.848" /><testcase classname="backend.tests.test_local_store_search.TestWordBoundaryMatching" name="test_tiles_does_not_match_textiles" time="10.367" /><testcase classname="backend.tests.test_local_store_search.TestWordBoundaryMatching" name="test_word_boundary_regex_pattern" time="0.000" /><testcase classname="backend.tests.test_local_store_search.TestLocalStoreSearchResponse" name="test_local_stores_response_structure" time="3.057" /><testcase classname="backend.tests.test_local_store_search.TestLocalStoreSearchResponse" name="test_relevant_stores_appear_first" time="4.237" /><testcase classname="backend.tests.test_local_store_search.TestLocalStoreSearchResponse" name="test_local_stores_city_field" time="3.025" /><testcase classname="backend.tests.test_local_store_search.TestMultiWordCityNames" name="test_san_francisco_city_excluded" time="11.219" /><testcase classname="backend.tests.test_local_store_search.TestMultiWordCityNames" name="test_abu_dhabi_city_excluded" time="5.482" /><testcase classname="backend.tests.test_local_store_search.TestSearchEndpointBasics" name="test_search_endpoint_returns_200" time="18.679" /><testcase classname="backend.tests.test_local_store_search.TestSearchEndpointBasics" name="test_search_with_city_returns_local_stores" time="12.611" /><testcase classname="backend.tests.test_local_store_search.TestSearchEndpointBasics" name="test_search_without_city_may_skip_local_stores" time="11.590" /></testsuite></testsuites>